<?xml version="1.0" encoding="UTF-8"?>
<testng-results ignored="0" total="1" passed="0" failed="1" skipped="0">
  <reporter-output>
  </reporter-output>
  <suite started-at="2023-10-24T18:52:55 IST" name="Default suite" finished-at="2023-10-24T18:53:31 IST" duration-ms="36564">
    <groups>
      <group name="cucumber">
        <method signature="AbstractTestNGCucumberTests.runScenario(io.cucumber.testng.PickleWrapper,io.cucumber.testng.FeatureWrapper)[pri:0, instance:Loginrunner.CucumberRunnerTestslandlordlogin2@2a65fe7c]" name="runScenario" class="io.cucumber.testng.AbstractTestNGCucumberTests"/>
      </group> <!-- cucumber -->
    </groups>
    <test started-at="2023-10-24T18:52:55 IST" name="Default test" finished-at="2023-10-24T18:53:31 IST" duration-ms="36564">
      <class name="Loginrunner.CucumberRunnerTestslandlordlogin2">
        <test-method is-config="true" signature="setUpClass(org.testng.ITestContext)[pri:0, instance:Loginrunner.CucumberRunnerTestslandlordlogin2@2a65fe7c]" started-at="2023-10-24T18:52:55 IST" name="setUpClass" finished-at="2023-10-24T18:52:57 IST" duration-ms="1763" status="PASS">
          <params>
            <param index="0">
              <value>
                <![CDATA[org.testng.TestRunner@77049094]]>
              </value>
            </param>
          </params>
          <reporter-output>
          </reporter-output>
        </test-method> <!-- setUpClass -->
        <test-method signature="runScenario(io.cucumber.testng.PickleWrapper,io.cucumber.testng.FeatureWrapper)[pri:0, instance:Loginrunner.CucumberRunnerTestslandlordlogin2@2a65fe7c]" started-at="2023-10-24T18:52:57 IST" name="runScenario" description="Runs Cucumber Scenarios" data-provider="scenarios" finished-at="2023-10-24T18:53:31 IST" duration-ms="34460" status="FAIL">
          <params>
            <param index="0">
              <value>
                <![CDATA["This is scenerio of valid user login"]]>
              </value>
            </param>
            <param index="1">
              <value>
                <![CDATA["Login in ROC"]]>
              </value>
            </param>
          </params>
          <exception class="java.lang.AssertionError">
            <message>
              <![CDATA[The following asserts failed:
Third soft assert failed expected [true] but found [false]]]>
            </message>
            <full-stacktrace>
              <![CDATA[java.lang.AssertionError: The following asserts failed:
Third soft assert failed expected [true] but found [false]
at org.testng.asserts.SoftAssert.assertAll(SoftAssert.java:46)
at org.testng.asserts.SoftAssert.assertAll(SoftAssert.java:30)
at Testcases_original.validate_ScreenshotHooks.Validate(validate_ScreenshotHooks.java:48)
at âœ½.User enters username as 'sayan011981@mailinator.com' and password as 'Mylogin@123'(classpath:feature/test2.feature:23)
]]>
            </full-stacktrace>
          </exception> <!-- java.lang.AssertionError -->
          <reporter-output>
          </reporter-output>
        </test-method> <!-- runScenario -->
        <test-method is-config="true" signature="tearDownClass()[pri:0, instance:Loginrunner.CucumberRunnerTestslandlordlogin2@2a65fe7c]" started-at="2023-10-24T18:53:31 IST" name="tearDownClass" finished-at="2023-10-24T18:53:31 IST" duration-ms="171" status="PASS">
          <reporter-output>
          </reporter-output>
        </test-method> <!-- tearDownClass -->
      </class> <!-- Loginrunner.CucumberRunnerTestslandlordlogin2 -->
    </test> <!-- Default test -->
  </suite> <!-- Default suite -->
</testng-results>
