<?xml version="1.0" encoding="UTF-8"?>
<!-- Generated by org.testng.reporters.JUnitReportReporter -->
<testsuite hostname="DESKTOP-H5CHME6" failures="0" tests="1" name="Loginrunner.CucumberRunnerTestslandlordlogin2" time="17.752" errors="1" timestamp="2023-07-05T05:36:36 IST" skipped="0">
  <testcase classname="Loginrunner.CucumberRunnerTestslandlordlogin2" name="runScenario" time="17.752">
    <error message="Cannot invoke &quot;org.openqa.selenium.SearchContext.findElement(org.openqa.selenium.By)&quot; because &quot;this.searchContext&quot; is null" type="java.lang.NullPointerException">
      <![CDATA[java.lang.NullPointerException: Cannot invoke "org.openqa.selenium.SearchContext.findElement(org.openqa.selenium.By)" because "this.searchContext" is null
at org.openqa.selenium.support.pagefactory.DefaultElementLocator.findElement(DefaultElementLocator.java:69)
at org.openqa.selenium.support.pagefactory.internal.LocatingElementHandler.invoke(LocatingElementHandler.java:38)
at jdk.proxy2/jdk.proxy2.$Proxy25.sendKeys(Unknown Source)
at Pages_original.LoginPage_original_report.Loginpageforlandlord(LoginPage_original_report.java:63)
at Testcases_original.ScreenshotHooks.Validate(ScreenshotHooks.java:40)
at âœ½.for report User enters username as '<username_report1>' and password as '<password_report1>'(classpath:feature/test2.feature:23)
]]>
    </error>
  </testcase> <!-- runScenario -->
  <system-out/>
</testsuite> <!-- Loginrunner.CucumberRunnerTestslandlordlogin2 -->
